<?xml version="1.0" encoding="UTF-8"?>
<coverage generated="1761156598743" clover="3.2.0">
  <project timestamp="1761156598743" name="All files">
    <metrics statements="71" coveredstatements="56" conditionals="30" coveredconditionals="22" methods="20" coveredmethods="16" elements="121" coveredelements="94" complexity="0" loc="71" ncloc="71" packages="1" files="1" classes="1"/>
    <file name="api.js" path="C:\Nova pasta (3)\fluxo\src\services\api.js">
      <metrics statements="71" coveredstatements="56" conditionals="30" coveredconditionals="22" methods="20" coveredmethods="16"/>
      <line num="4" count="1" type="stmt"/>
      <line num="7" count="1" type="stmt"/>
      <line num="106" count="9" type="stmt"/>
      <line num="109" count="1" type="cond" truecount="1" falsecount="0"/>
      <line num="110" count="2" type="stmt"/>
      <line num="112" count="2" type="stmt"/>
      <line num="113" count="2" type="stmt"/>
      <line num="116" count="2" type="cond" truecount="4" falsecount="0"/>
      <line num="117" count="5" type="stmt"/>
      <line num="120" count="2" type="cond" truecount="2" falsecount="2"/>
      <line num="121" count="0" type="stmt"/>
      <line num="124" count="2" type="cond" truecount="1" falsecount="1"/>
      <line num="125" count="0" type="stmt"/>
      <line num="126" count="0" type="stmt"/>
      <line num="130" count="2" type="cond" truecount="1" falsecount="1"/>
      <line num="131" count="0" type="stmt"/>
      <line num="134" count="2" type="cond" truecount="1" falsecount="1"/>
      <line num="135" count="0" type="stmt"/>
      <line num="138" count="2" type="stmt"/>
      <line num="144" count="0" type="stmt"/>
      <line num="153" count="1" type="stmt"/>
      <line num="154" count="2" type="stmt"/>
      <line num="156" count="2" type="stmt"/>
      <line num="157" count="6" type="stmt"/>
      <line num="159" count="2" type="cond" truecount="2" falsecount="0"/>
      <line num="160" count="1" type="stmt"/>
      <line num="167" count="1" type="stmt"/>
      <line num="172" count="0" type="stmt"/>
      <line num="181" count="1" type="stmt"/>
      <line num="182" count="1" type="stmt"/>
      <line num="184" count="1" type="stmt"/>
      <line num="185" count="1" type="cond" truecount="3" falsecount="1"/>
      <line num="186" count="0" type="stmt"/>
      <line num="193" count="1" type="stmt"/>
      <line num="194" count="1" type="stmt"/>
      <line num="195" count="5" type="cond" truecount="4" falsecount="0"/>
      <line num="197" count="12" type="stmt"/>
      <line num="201" count="1" type="stmt"/>
      <line num="207" count="0" type="stmt"/>
      <line num="216" count="1" type="stmt"/>
      <line num="217" count="1" type="stmt"/>
      <line num="219" count="1" type="stmt"/>
      <line num="220" count="1" type="stmt"/>
      <line num="229" count="1" type="stmt"/>
      <line num="231" count="1" type="stmt"/>
      <line num="237" count="0" type="stmt"/>
      <line num="246" count="1" type="stmt"/>
      <line num="247" count="1" type="stmt"/>
      <line num="249" count="1" type="stmt"/>
      <line num="250" count="1" type="stmt"/>
      <line num="252" count="1" type="cond" truecount="1" falsecount="1"/>
      <line num="253" count="0" type="stmt"/>
      <line num="260" count="1" type="stmt"/>
      <line num="265" count="1" type="stmt"/>
      <line num="271" count="0" type="stmt"/>
      <line num="280" count="1" type="stmt"/>
      <line num="281" count="1" type="stmt"/>
      <line num="283" count="1" type="stmt"/>
      <line num="284" count="2" type="stmt"/>
      <line num="286" count="1" type="cond" truecount="1" falsecount="1"/>
      <line num="287" count="0" type="stmt"/>
      <line num="293" count="1" type="stmt"/>
      <line num="295" count="1" type="stmt"/>
      <line num="300" count="0" type="stmt"/>
      <line num="308" count="1" type="cond" truecount="1" falsecount="0"/>
      <line num="309" count="1" type="stmt"/>
      <line num="311" count="1" type="stmt"/>
      <line num="314" count="1" type="stmt"/>
      <line num="315" count="5" type="stmt"/>
      <line num="318" count="1" type="stmt"/>
      <line num="324" count="0" type="stmt"/>
    </file>
  </project>
</coverage>
