{"C:\\Nova pasta (3)\\fluxo\\src\\services\\api.js": {"path":"C:\\Nova pasta (3)\\fluxo\\src\\services\\api.js","statementMap":{"0":{"start":{"line":4,"column":18},"end":{"line":4,"column":21}},"1":{"start":{"line":7,"column":20},"end":{"line":103,"column":1}},"2":{"start":{"line":106,"column":14},"end":{"line":106,"column":69}},"3":{"start":{"line":106,"column":22},"end":{"line":106,"column":69}},"4":{"start":{"line":106,"column":45},"end":{"line":106,"column":68}},"5":{"start":{"line":109,"column":29},"end":{"line":150,"column":1}},"6":{"start":{"line":110,"column":2},"end":{"line":110,"column":25}},"7":{"start":{"line":112,"column":2},"end":{"line":149,"column":3}},"8":{"start":{"line":113,"column":18},"end":{"line":113,"column":34}},"9":{"start":{"line":116,"column":4},"end":{"line":118,"column":5}},"10":{"start":{"line":117,"column":6},"end":{"line":117,"column":70}},"11":{"start":{"line":117,"column":36},"end":{"line":117,"column":68}},"12":{"start":{"line":120,"column":4},"end":{"line":122,"column":5}},"13":{"start":{"line":121,"column":6},"end":{"line":121,"column":64}},"14":{"start":{"line":121,"column":36},"end":{"line":121,"column":62}},"15":{"start":{"line":124,"column":4},"end":{"line":128,"column":5}},"16":{"start":{"line":125,"column":6},"end":{"line":127,"column":8}},"17":{"start":{"line":126,"column":8},"end":{"line":126,"column":70}},"18":{"start":{"line":130,"column":4},"end":{"line":132,"column":5}},"19":{"start":{"line":131,"column":6},"end":{"line":131,"column":91}},"20":{"start":{"line":131,"column":36},"end":{"line":131,"column":89}},"21":{"start":{"line":134,"column":4},"end":{"line":136,"column":5}},"22":{"start":{"line":135,"column":6},"end":{"line":135,"column":88}},"23":{"start":{"line":135,"column":36},"end":{"line":135,"column":86}},"24":{"start":{"line":138,"column":4},"end":{"line":142,"column":6}},"25":{"start":{"line":144,"column":4},"end":{"line":148,"column":6}},"26":{"start":{"line":153,"column":33},"end":{"line":178,"column":1}},"27":{"start":{"line":154,"column":2},"end":{"line":154,"column":25}},"28":{"start":{"line":156,"column":2},"end":{"line":177,"column":3}},"29":{"start":{"line":157,"column":19},"end":{"line":157,"column":63}},"30":{"start":{"line":157,"column":41},"end":{"line":157,"column":62}},"31":{"start":{"line":159,"column":4},"end":{"line":165,"column":5}},"32":{"start":{"line":160,"column":6},"end":{"line":164,"column":8}},"33":{"start":{"line":167,"column":4},"end":{"line":170,"column":6}},"34":{"start":{"line":172,"column":4},"end":{"line":176,"column":6}},"35":{"start":{"line":181,"column":37},"end":{"line":213,"column":1}},"36":{"start":{"line":182,"column":2},"end":{"line":182,"column":25}},"37":{"start":{"line":184,"column":2},"end":{"line":212,"column":3}},"38":{"start":{"line":185,"column":4},"end":{"line":191,"column":5}},"39":{"start":{"line":186,"column":6},"end":{"line":190,"column":8}},"40":{"start":{"line":193,"column":23},"end":{"line":193,"column":42}},"41":{"start":{"line":194,"column":20},"end":{"line":199,"column":5}},"42":{"start":{"line":195,"column":6},"end":{"line":198,"column":52}},"43":{"start":{"line":197,"column":25},"end":{"line":197,"column":63}},"44":{"start":{"line":201,"column":4},"end":{"line":205,"column":6}},"45":{"start":{"line":207,"column":4},"end":{"line":211,"column":6}},"46":{"start":{"line":216,"column":27},"end":{"line":243,"column":1}},"47":{"start":{"line":217,"column":2},"end":{"line":217,"column":25}},"48":{"start":{"line":219,"column":2},"end":{"line":242,"column":3}},"49":{"start":{"line":220,"column":23},"end":{"line":227,"column":5}},"50":{"start":{"line":229,"column":4},"end":{"line":229,"column":33}},"51":{"start":{"line":231,"column":4},"end":{"line":235,"column":6}},"52":{"start":{"line":237,"column":4},"end":{"line":241,"column":6}},"53":{"start":{"line":246,"column":31},"end":{"line":277,"column":1}},"54":{"start":{"line":247,"column":2},"end":{"line":247,"column":25}},"55":{"start":{"line":249,"column":2},"end":{"line":276,"column":3}},"56":{"start":{"line":250,"column":18},"end":{"line":250,"column":67}},"57":{"start":{"line":250,"column":45},"end":{"line":250,"column":66}},"58":{"start":{"line":252,"column":4},"end":{"line":258,"column":5}},"59":{"start":{"line":253,"column":6},"end":{"line":257,"column":8}},"60":{"start":{"line":260,"column":4},"end":{"line":263,"column":6}},"61":{"start":{"line":265,"column":4},"end":{"line":269,"column":6}},"62":{"start":{"line":271,"column":4},"end":{"line":275,"column":6}},"63":{"start":{"line":280,"column":29},"end":{"line":305,"column":1}},"64":{"start":{"line":281,"column":2},"end":{"line":281,"column":25}},"65":{"start":{"line":283,"column":2},"end":{"line":304,"column":3}},"66":{"start":{"line":284,"column":18},"end":{"line":284,"column":67}},"67":{"start":{"line":284,"column":45},"end":{"line":284,"column":66}},"68":{"start":{"line":286,"column":4},"end":{"line":291,"column":5}},"69":{"start":{"line":287,"column":6},"end":{"line":290,"column":8}},"70":{"start":{"line":293,"column":4},"end":{"line":293,"column":33}},"71":{"start":{"line":295,"column":4},"end":{"line":298,"column":6}},"72":{"start":{"line":300,"column":4},"end":{"line":303,"column":6}},"73":{"start":{"line":308,"column":43},"end":{"line":330,"column":1}},"74":{"start":{"line":309,"column":2},"end":{"line":309,"column":25}},"75":{"start":{"line":311,"column":2},"end":{"line":329,"column":3}},"76":{"start":{"line":314,"column":20},"end":{"line":316,"column":5}},"77":{"start":{"line":315,"column":6},"end":{"line":315,"column":66}},"78":{"start":{"line":318,"column":4},"end":{"line":322,"column":6}},"79":{"start":{"line":324,"column":4},"end":{"line":328,"column":6}}},"fnMap":{"0":{"name":"(anonymous_0)","decl":{"start":{"line":106,"column":14},"end":{"line":106,"column":15}},"loc":{"start":{"line":106,"column":22},"end":{"line":106,"column":69}},"line":106},"1":{"name":"(anonymous_1)","decl":{"start":{"line":106,"column":34},"end":{"line":106,"column":35}},"loc":{"start":{"line":106,"column":45},"end":{"line":106,"column":68}},"line":106},"2":{"name":"(anonymous_2)","decl":{"start":{"line":109,"column":29},"end":{"line":109,"column":30}},"loc":{"start":{"line":109,"column":52},"end":{"line":150,"column":1}},"line":109},"3":{"name":"(anonymous_3)","decl":{"start":{"line":117,"column":31},"end":{"line":117,"column":32}},"loc":{"start":{"line":117,"column":36},"end":{"line":117,"column":68}},"line":117},"4":{"name":"(anonymous_4)","decl":{"start":{"line":121,"column":31},"end":{"line":121,"column":32}},"loc":{"start":{"line":121,"column":36},"end":{"line":121,"column":62}},"line":121},"5":{"name":"(anonymous_5)","decl":{"start":{"line":125,"column":31},"end":{"line":125,"column":32}},"loc":{"start":{"line":126,"column":8},"end":{"line":126,"column":70}},"line":126},"6":{"name":"(anonymous_6)","decl":{"start":{"line":131,"column":31},"end":{"line":131,"column":32}},"loc":{"start":{"line":131,"column":36},"end":{"line":131,"column":89}},"line":131},"7":{"name":"(anonymous_7)","decl":{"start":{"line":135,"column":31},"end":{"line":135,"column":32}},"loc":{"start":{"line":135,"column":36},"end":{"line":135,"column":86}},"line":135},"8":{"name":"(anonymous_8)","decl":{"start":{"line":153,"column":33},"end":{"line":153,"column":34}},"loc":{"start":{"line":153,"column":47},"end":{"line":178,"column":1}},"line":153},"9":{"name":"(anonymous_9)","decl":{"start":{"line":157,"column":36},"end":{"line":157,"column":37}},"loc":{"start":{"line":157,"column":41},"end":{"line":157,"column":62}},"line":157},"10":{"name":"(anonymous_10)","decl":{"start":{"line":181,"column":37},"end":{"line":181,"column":38}},"loc":{"start":{"line":181,"column":54},"end":{"line":213,"column":1}},"line":181},"11":{"name":"(anonymous_11)","decl":{"start":{"line":194,"column":39},"end":{"line":194,"column":40}},"loc":{"start":{"line":195,"column":6},"end":{"line":198,"column":52}},"line":195},"12":{"name":"(anonymous_12)","decl":{"start":{"line":197,"column":18},"end":{"line":197,"column":19}},"loc":{"start":{"line":197,"column":25},"end":{"line":197,"column":63}},"line":197},"13":{"name":"(anonymous_13)","decl":{"start":{"line":216,"column":27},"end":{"line":216,"column":28}},"loc":{"start":{"line":216,"column":49},"end":{"line":243,"column":1}},"line":216},"14":{"name":"(anonymous_14)","decl":{"start":{"line":246,"column":31},"end":{"line":246,"column":32}},"loc":{"start":{"line":246,"column":57},"end":{"line":277,"column":1}},"line":246},"15":{"name":"(anonymous_15)","decl":{"start":{"line":250,"column":40},"end":{"line":250,"column":41}},"loc":{"start":{"line":250,"column":45},"end":{"line":250,"column":66}},"line":250},"16":{"name":"(anonymous_16)","decl":{"start":{"line":280,"column":29},"end":{"line":280,"column":30}},"loc":{"start":{"line":280,"column":43},"end":{"line":305,"column":1}},"line":280},"17":{"name":"(anonymous_17)","decl":{"start":{"line":284,"column":40},"end":{"line":284,"column":41}},"loc":{"start":{"line":284,"column":45},"end":{"line":284,"column":66}},"line":284},"18":{"name":"(anonymous_18)","decl":{"start":{"line":308,"column":43},"end":{"line":308,"column":44}},"loc":{"start":{"line":308,"column":77},"end":{"line":330,"column":1}},"line":308},"19":{"name":"(anonymous_19)","decl":{"start":{"line":314,"column":39},"end":{"line":314,"column":40}},"loc":{"start":{"line":315,"column":6},"end":{"line":315,"column":66}},"line":315}},"branchMap":{"0":{"loc":{"start":{"line":109,"column":36},"end":{"line":109,"column":47}},"type":"default-arg","locations":[{"start":{"line":109,"column":45},"end":{"line":109,"column":47}}],"line":109},"1":{"loc":{"start":{"line":116,"column":4},"end":{"line":118,"column":5}},"type":"if","locations":[{"start":{"line":116,"column":4},"end":{"line":118,"column":5}},{"start":{},"end":{}}],"line":116},"2":{"loc":{"start":{"line":116,"column":8},"end":{"line":116,"column":56}},"type":"binary-expr","locations":[{"start":{"line":116,"column":8},"end":{"line":116,"column":24}},{"start":{"line":116,"column":28},"end":{"line":116,"column":56}}],"line":116},"3":{"loc":{"start":{"line":120,"column":4},"end":{"line":122,"column":5}},"type":"if","locations":[{"start":{"line":120,"column":4},"end":{"line":122,"column":5}},{"start":{},"end":{}}],"line":120},"4":{"loc":{"start":{"line":120,"column":8},"end":{"line":120,"column":50}},"type":"binary-expr","locations":[{"start":{"line":120,"column":8},"end":{"line":120,"column":21}},{"start":{"line":120,"column":25},"end":{"line":120,"column":50}}],"line":120},"5":{"loc":{"start":{"line":124,"column":4},"end":{"line":128,"column":5}},"type":"if","locations":[{"start":{"line":124,"column":4},"end":{"line":128,"column":5}},{"start":{},"end":{}}],"line":124},"6":{"loc":{"start":{"line":130,"column":4},"end":{"line":132,"column":5}},"type":"if","locations":[{"start":{"line":130,"column":4},"end":{"line":132,"column":5}},{"start":{},"end":{}}],"line":130},"7":{"loc":{"start":{"line":134,"column":4},"end":{"line":136,"column":5}},"type":"if","locations":[{"start":{"line":134,"column":4},"end":{"line":136,"column":5}},{"start":{},"end":{}}],"line":134},"8":{"loc":{"start":{"line":159,"column":4},"end":{"line":165,"column":5}},"type":"if","locations":[{"start":{"line":159,"column":4},"end":{"line":165,"column":5}},{"start":{},"end":{}}],"line":159},"9":{"loc":{"start":{"line":185,"column":4},"end":{"line":191,"column":5}},"type":"if","locations":[{"start":{"line":185,"column":4},"end":{"line":191,"column":5}},{"start":{},"end":{}}],"line":185},"10":{"loc":{"start":{"line":185,"column":8},"end":{"line":185,"column":37}},"type":"binary-expr","locations":[{"start":{"line":185,"column":8},"end":{"line":185,"column":14}},{"start":{"line":185,"column":18},"end":{"line":185,"column":37}}],"line":185},"11":{"loc":{"start":{"line":195,"column":6},"end":{"line":198,"column":52}},"type":"binary-expr","locations":[{"start":{"line":195,"column":6},"end":{"line":195,"column":49}},{"start":{"line":196,"column":6},"end":{"line":196,"column":52}},{"start":{"line":197,"column":6},"end":{"line":197,"column":64}},{"start":{"line":198,"column":6},"end":{"line":198,"column":52}}],"line":195},"12":{"loc":{"start":{"line":252,"column":4},"end":{"line":258,"column":5}},"type":"if","locations":[{"start":{"line":252,"column":4},"end":{"line":258,"column":5}},{"start":{},"end":{}}],"line":252},"13":{"loc":{"start":{"line":286,"column":4},"end":{"line":291,"column":5}},"type":"if","locations":[{"start":{"line":286,"column":4},"end":{"line":291,"column":5}},{"start":{},"end":{}}],"line":286},"14":{"loc":{"start":{"line":308,"column":63},"end":{"line":308,"column":72}},"type":"default-arg","locations":[{"start":{"line":308,"column":70},"end":{"line":308,"column":72}}],"line":308}},"s":{"0":1,"1":1,"2":1,"3":9,"4":9,"5":1,"6":2,"7":2,"8":2,"9":2,"10":1,"11":5,"12":2,"13":0,"14":0,"15":2,"16":0,"17":0,"18":2,"19":0,"20":0,"21":2,"22":0,"23":0,"24":2,"25":0,"26":1,"27":2,"28":2,"29":2,"30":6,"31":2,"32":1,"33":1,"34":0,"35":1,"36":1,"37":1,"38":1,"39":0,"40":1,"41":1,"42":5,"43":12,"44":1,"45":0,"46":1,"47":1,"48":1,"49":1,"50":1,"51":1,"52":0,"53":1,"54":1,"55":1,"56":1,"57":1,"58":1,"59":0,"60":1,"61":1,"62":0,"63":1,"64":1,"65":1,"66":1,"67":2,"68":1,"69":0,"70":1,"71":1,"72":0,"73":1,"74":1,"75":1,"76":1,"77":5,"78":1,"79":0},"f":{"0":9,"1":9,"2":2,"3":5,"4":0,"5":0,"6":0,"7":0,"8":2,"9":6,"10":1,"11":5,"12":12,"13":1,"14":1,"15":1,"16":1,"17":2,"18":1,"19":5},"b":{"0":[1],"1":[1,1],"2":[2,1],"3":[0,2],"4":[2,0],"5":[0,2],"6":[0,2],"7":[0,2],"8":[1,1],"9":[0,1],"10":[1,1],"11":[5,4,4,4],"12":[0,1],"13":[0,1],"14":[1]},"inputSourceMap":null,"_coverageSchema":"1a1c01bbd47fc00a2c39e90264f33305004495a9","hash":"85fcfaf63886ae692d49cd7660bfa6de9680544c"}
}
