TN:
SF:src\services\api.js
FN:106,(anonymous_0)
FN:106,(anonymous_1)
FN:109,(anonymous_2)
FN:117,(anonymous_3)
FN:121,(anonymous_4)
FN:125,(anonymous_5)
FN:131,(anonymous_6)
FN:135,(anonymous_7)
FN:153,(anonymous_8)
FN:157,(anonymous_9)
FN:181,(anonymous_10)
FN:194,(anonymous_11)
FN:197,(anonymous_12)
FN:216,(anonymous_13)
FN:246,(anonymous_14)
FN:250,(anonymous_15)
FN:280,(anonymous_16)
FN:284,(anonymous_17)
FN:308,(anonymous_18)
FN:314,(anonymous_19)
FNF:20
FNH:16
FNDA:9,(anonymous_0)
FNDA:9,(anonymous_1)
FNDA:2,(anonymous_2)
FNDA:5,(anonymous_3)
FNDA:0,(anonymous_4)
FNDA:0,(anonymous_5)
FNDA:0,(anonymous_6)
FNDA:0,(anonymous_7)
FNDA:2,(anonymous_8)
FNDA:6,(anonymous_9)
FNDA:1,(anonymous_10)
FNDA:5,(anonymous_11)
FNDA:12,(anonymous_12)
FNDA:1,(anonymous_13)
FNDA:1,(anonymous_14)
FNDA:1,(anonymous_15)
FNDA:1,(anonymous_16)
FNDA:2,(anonymous_17)
FNDA:1,(anonymous_18)
FNDA:5,(anonymous_19)
DA:4,1
DA:7,1
DA:106,9
DA:109,1
DA:110,2
DA:112,2
DA:113,2
DA:116,2
DA:117,5
DA:120,2
DA:121,0
DA:124,2
DA:125,0
DA:126,0
DA:130,2
DA:131,0
DA:134,2
DA:135,0
DA:138,2
DA:144,0
DA:153,1
DA:154,2
DA:156,2
DA:157,6
DA:159,2
DA:160,1
DA:167,1
DA:172,0
DA:181,1
DA:182,1
DA:184,1
DA:185,1
DA:186,0
DA:193,1
DA:194,1
DA:195,5
DA:197,12
DA:201,1
DA:207,0
DA:216,1
DA:217,1
DA:219,1
DA:220,1
DA:229,1
DA:231,1
DA:237,0
DA:246,1
DA:247,1
DA:249,1
DA:250,1
DA:252,1
DA:253,0
DA:260,1
DA:265,1
DA:271,0
DA:280,1
DA:281,1
DA:283,1
DA:284,2
DA:286,1
DA:287,0
DA:293,1
DA:295,1
DA:300,0
DA:308,1
DA:309,1
DA:311,1
DA:314,1
DA:315,5
DA:318,1
DA:324,0
LF:71
LH:56
BRDA:109,0,0,1
BRDA:116,1,0,1
BRDA:116,1,1,1
BRDA:116,2,0,2
BRDA:116,2,1,1
BRDA:120,3,0,0
BRDA:120,3,1,2
BRDA:120,4,0,2
BRDA:120,4,1,0
BRDA:124,5,0,0
BRDA:124,5,1,2
BRDA:130,6,0,0
BRDA:130,6,1,2
BRDA:134,7,0,0
BRDA:134,7,1,2
BRDA:159,8,0,1
BRDA:159,8,1,1
BRDA:185,9,0,0
BRDA:185,9,1,1
BRDA:185,10,0,1
BRDA:185,10,1,1
BRDA:195,11,0,5
BRDA:195,11,1,4
BRDA:195,11,2,4
BRDA:195,11,3,4
BRDA:252,12,0,0
BRDA:252,12,1,1
BRDA:286,13,0,0
BRDA:286,13,1,1
BRDA:308,14,0,1
BRF:30
BRH:22
end_of_record
